<?xml version="1.0" encoding="UTF-8"?>
<!-- Generated by org.testng.reporters.JUnitReportReporter -->
<testsuite skipped="0" hostname="Aditya" name="Test.inventoryPageTest" tests="3" failures="0" timestamp="2023-02-18T15:51:27 IST" time="23.868" errors="0">
  <testcase name="inventoryTest2" time="2.346" classname="Test.inventoryPageTest"/>
  <system-out/>
  <testcase name="inventoryTest2" time="18.453" classname="Test.inventoryPageTest"/>
  <system-out/>
  <testcase name="inventoryTest1" time="3.069" classname="Test.inventoryPageTest"/>
  <system-out/>
</testsuite> <!-- Test.inventoryPageTest -->
