<?xml version="1.0" encoding="UTF-8"?>
<!-- Generated by org.testng.reporters.JUnitReportReporter -->
<testsuite skipped="0" hostname="Aditya" name="GroupTest.overviewPageTest" tests="1" failures="0" timestamp="2023-02-18T12:40:47 IST" time="17.450" errors="0">
  <testcase name="overviewPageTest1" time="17.450" classname="GroupTest.overviewPageTest"/>
  <system-out/>
</testsuite> <!-- GroupTest.overviewPageTest -->
