<?xml version="1.0" encoding="UTF-8"?>
<!-- Generated by org.testng.reporters.JUnitReportReporter -->
<testsuite skipped="0" hostname="Aditya" name="GroupTest.yourCartPageTest" tests="2" failures="0" timestamp="2023-02-18T12:40:47 IST" time="6.931" errors="0">
  <testcase name="loginTest1" time="2.383" classname="GroupTest.yourCartPageTest"/>
  <system-out/>
  <testcase name="addInventoryTest" time="4.548" classname="GroupTest.yourCartPageTest"/>
  <system-out/>
</testsuite> <!-- GroupTest.yourCartPageTest -->
