<?xml version="1.0" encoding="UTF-8"?>
<!-- Generated by org.testng.reporters.JUnitReportReporter -->
<testsuite skipped="0" hostname="Aditya" name="Test.yourInfoPageTest" tests="6" failures="0" timestamp="2023-02-18T15:51:27 IST" time="63.510" errors="0">
  <testcase name="inventoryTest1" time="2.483" classname="Test.yourInfoPageTest"/>
  <system-out/>
  <testcase name="inventoryTest1" time="2.632" classname="Test.yourInfoPageTest"/>
  <system-out/>
  <testcase name="loginTest1" time="18.200" classname="Test.yourInfoPageTest"/>
  <system-out/>
  <testcase name="loginTest1" time="2.073" classname="Test.yourInfoPageTest"/>
  <system-out/>
  <testcase name="yourInfoPageTest1" time="19.069" classname="Test.yourInfoPageTest"/>
  <system-out/>
  <testcase name="yourCartTest1" time="19.053" classname="Test.yourInfoPageTest"/>
  <system-out/>
</testsuite> <!-- Test.yourInfoPageTest -->
