<?xml version="1.0" encoding="UTF-8"?>
<!-- Generated by org.testng.reporters.JUnitReportReporter -->
<testsuite skipped="0" hostname="Aditya" name="GroupTest.yourInfoPageTest" tests="2" failures="0" timestamp="2023-02-18T12:40:47 IST" time="7.841" errors="0">
  <testcase name="loginTest1" time="3.333" classname="GroupTest.yourInfoPageTest"/>
  <system-out/>
  <testcase name="inventoryTest1" time="4.508" classname="GroupTest.yourInfoPageTest"/>
  <system-out/>
</testsuite> <!-- GroupTest.yourInfoPageTest -->
