<?xml version="1.0" encoding="UTF-8"?>
<!-- Generated by org.testng.reporters.JUnitReportReporter -->
<testsuite skipped="0" hostname="Aditya" name="Test.loginPageTest" tests="7" failures="0" timestamp="2023-02-18T15:51:27 IST" time="78.525" errors="0">
  <testcase name="verifyTitleTest" time="18.140" classname="Test.loginPageTest"/>
  <system-out>
    <![CDATA[Intentionally failed verifyTitleTest case]]>
  </system-out>
  <testcase name="verifyLogoTest" time="1.981" classname="Test.loginPageTest"/>
  <system-out/>
  <testcase name="loginTest1" time="18.253" classname="Test.loginPageTest"/>
  <system-out>
    <![CDATA[Intentionally passed verifyTitleTest case]]>
  </system-out>
  <testcase name="verifyURLTest" time="1.925" classname="Test.loginPageTest"/>
  <system-out>
    <![CDATA[Intentionally failed verifyURLTest case]]>
  </system-out>
  <testcase name="loginTest1" time="2.107" classname="Test.loginPageTest"/>
  <system-out>
    <![CDATA[Intentionally passed verifyTitleTest case]]>
  </system-out>
  <testcase name="verifyURLTest" time="18.033" classname="Test.loginPageTest"/>
  <system-out>
    <![CDATA[Intentionally failed verifyURLTest case]]>
  </system-out>
  <testcase name="verifyTitleTest" time="18.086" classname="Test.loginPageTest"/>
  <system-out>
    <![CDATA[Intentionally failed verifyTitleTest case]]>
  </system-out>
</testsuite> <!-- Test.loginPageTest -->
