<?xml version="1.0" encoding="UTF-8"?>
<!-- Generated by org.testng.reporters.JUnitReportReporter -->
<testsuite skipped="0" hostname="Aditya" name="Test.yourCartPageTest" tests="6" failures="0" timestamp="2023-02-18T15:51:27 IST" time="79.829" errors="0">
  <testcase name="yourCartTest1" time="2.987" classname="Test.yourCartPageTest"/>
  <system-out/>
  <testcase name="addInventoryTest" time="2.617" classname="Test.yourCartPageTest"/>
  <system-out/>
  <testcase name="loginTest1" time="18.290" classname="Test.yourCartPageTest"/>
  <system-out/>
  <testcase name="addInventoryTest" time="18.628" classname="Test.yourCartPageTest"/>
  <system-out/>
  <testcase name="loginTest1" time="18.338" classname="Test.yourCartPageTest"/>
  <system-out/>
  <testcase name="yourCartTest1" time="18.969" classname="Test.yourCartPageTest"/>
  <system-out/>
</testsuite> <!-- Test.yourCartPageTest -->
