<?xml version="1.0" encoding="UTF-8"?>
<!-- Generated by org.testng.reporters.JUnitReportReporter -->
<testsuite skipped="0" hostname="Aditya" name="GroupTest.inventoryPageTest" tests="1" failures="0" timestamp="2023-02-18T12:40:47 IST" time="19.387" errors="0">
  <testcase name="inventoryTest2" time="19.387" classname="GroupTest.inventoryPageTest"/>
  <system-out/>
</testsuite> <!-- GroupTest.inventoryPageTest -->
