<?xml version="1.0" encoding="UTF-8"?>
<!-- Generated by org.testng.reporters.JUnitReportReporter -->
<testsuite skipped="0" hostname="Aditya" name="Test.checkoutPageTest" tests="1" failures="0" timestamp="2023-02-06T20:00:45 IST" time="33.535" errors="0">
  <testcase name="validationofcart" time="33.535" classname="Test.checkoutPageTest"/>
  <system-out/>
</testsuite> <!-- Test.checkoutPageTest -->
