<?xml version="1.0" encoding="UTF-8"?>
<!-- Generated by org.testng.reporters.JUnitReportReporter -->
<testsuite skipped="0" hostname="Aditya" name="GroupTest.loginPageTest" tests="3" failures="0" timestamp="2023-02-18T12:40:47 IST" time="24.498" errors="0">
  <testcase name="loginTest1" time="4.345" classname="GroupTest.loginPageTest"/>
  <system-out>
    <![CDATA[Intentionally passed verifyTitleTest case]]>
  </system-out>
  <testcase name="verifyURLTest" time="2.062" classname="GroupTest.loginPageTest"/>
  <system-out>
    <![CDATA[Intentionally failed verifyURLTest case]]>
  </system-out>
  <testcase name="verifyTitleTest" time="18.091" classname="GroupTest.loginPageTest"/>
  <system-out/>
</testsuite> <!-- GroupTest.loginPageTest -->
