<?xml version="1.0" encoding="UTF-8"?>
<!-- Generated by org.testng.reporters.JUnitReportReporter -->
<testsuite skipped="0" hostname="Aditya" name="Test.overviewPageTest" tests="3" failures="0" timestamp="2023-02-18T15:51:27 IST" time="26.541" errors="0">
  <testcase name="overviewPageTest1" time="3.126" classname="Test.overviewPageTest"/>
  <system-out/>
  <testcase name="overviewPageTest2" time="3.119" classname="Test.overviewPageTest"/>
  <system-out/>
  <testcase name="overviewPageTest1" time="20.296" classname="Test.overviewPageTest"/>
  <system-out/>
</testsuite> <!-- Test.overviewPageTest -->
